

********************************************************************************
********************************************************************************
Project name: dc
Path to input files: .//
Current path: /global/u1/n/novikau1/QuCF/QuCF/simulations/LCHS/ADE-OPT/t08/nk10_kmax80-OPT
Creating the output .hdf5 file:
	 .//dc_OUTPUT.hdf5

----------------------------------------------
Start reading the input file: .//dc.oracle
Reading constants...
Reading options...

--- Initial OPTIONS ---
-> compute only output states, where all ancillae are in the zero state.
-> do not write the .circuit files.
-> do not write the .tex file.
-> Do not include stop gates.
---

----> Reading structure of the circuit INIT_GAUSS
reading...
DirDec: compute the profile: gauss
DirDec: N_pars = 2
DirDec: par0 = 0.500000
DirDec: par1 = 0.050000
8.969e-03 s
--------------------------------------------
----> Reading structure of the circuit PREP_init
reading...
5.477e-03 s
--------------------------------------------
----> Reading structure of the circuit RA_init
reading...
3.989e-03 s
--------------------------------------------
----> Reading structure of the circuit Ow
reading...
DirDec: compute the profile: LCHS_weights_sin_OPT_sqrt
DirDec: N_pars = 2
DirDec: par0 = 80.000000
DirDec: par1 = 0.700000
1.596e-02 s
--------------------------------------------
----> Reading structure of the circuit PREP
reading...
7.443e-03 s
--------------------------------------------
----> Reading structure of the circuit RA
reading...
1.366e-02 s
--------------------------------------------
----> Reading structure of the circuit OwI
reading...
DirDec: compute the profile: LCHS_weights_sin_OPT_sqrt
DirDec: N_pars = 2
DirDec: par0 = 80.000000
DirDec: par1 = 0.700000
1.586e-02 s
--------------------------------------------
----> Reading structure of the circuit PREPI
reading...
7.849e-03 s
--------------------------------------------
----> Reading structure of the circuit RAI
reading...
1.353e-02 s
--------------------------------------------
----> Reading structure of the circuit U_BE_H
reading...
1.697e-03 s
--------------------------------------------
----> Reading structure of the circuit U_BE_m
reading...
1.816e-03 s
--------------------------------------------
----> Reading structure of the circuit U_BE
reading...
3.819e-03 s
--------------------------------------------
----> Reading structure of the circuit U
reading...
Creating the gate Repeat... 2.972e-03 s
Creating the gate Repeat... 2.497e-01 s

Read angles from the file: QSP_t2489p3_eps12.hdf5
--- QSVT gate with the name: qsp_selector ---
   QSVT type:  QSP-ham;
   rescaling factor:  1;
   QSVT error: 1e-12;
   Polynomial parity: -1;
   Polynomial parameter: 2489;
   number of angles: 5269;
   single time interval: 2489;
   number of time intervals: 20;

Constructing QSVT circuit...
Creating the QSP circuit (OPT2)... 1.651e+00 s
Creating the gate Repeat... 2.506e-01 s
2.281e+00 s
--------------------------------------------
Finish reading the .oracle file
----------------------------------------------
Oracle prepared.


-------------------------------------------------------------------------------
-------------------------------------------------------------------------------
--- Analysis of the circuit [U] ---
nq: 28
na: 22
N-gates: 11363162
Saving QSVT parameters...
..........................................................................
...Initial state 0...
   1.000e+00   0.000e+00j   |00>|0>|00>|00>|00000>|0000000000>|000000>

Calculating the circuit... 
Progress:
   5.0...  10.0...  15.0...  20.0...  25.0...  30.0...  35.0...  40.0...  45.0...  50.0...
  55.0...  60.0...  65.0...  70.0...  75.0...  80.0...  85.0...  90.0...  95.0... 100.0...
duration: 9.920e+03 s
*** The oracletool has been destructed. ***
