

********************************************************************************
********************************************************************************
Project name: dc
Path to input files: .//
Current path: /global/u1/n/novikau1/QuCF/QuCF/simulations/LCHS/ADE-OPT/t08_nk7_kmax40-OPT
Creating the output .hdf5 file:
	 .//dc_OUTPUT.hdf5

----------------------------------------------
Start reading the input file: .//dc.oracle
Reading constants...
Reading options...

--- Initial OPTIONS ---
-> compute only output states, where all ancillae are in the zero state.
-> do not write the .circuit files.
-> do not write the .tex file.
-> Do not include stop gates.
---

----> Reading structure of the circuit INIT_GAUSS
reading...
DirDec: compute the profile: gauss
DirDec: N_pars = 2
DirDec: par0 = 0.500000
DirDec: par1 = 0.050000
2.692e-02 s
--------------------------------------------
----> Reading structure of the circuit PREP_init
reading...
1.268e-02 s
--------------------------------------------
----> Reading structure of the circuit RA_init
reading...
9.445e-03 s
--------------------------------------------
----> Reading structure of the circuit Ow
reading...
DirDec: compute the profile: LCHS_weights_sin_OPT_sqrt
DirDec: N_pars = 2
DirDec: par0 = 40.000000
DirDec: par1 = 0.700000
2.727e-02 s
--------------------------------------------
----> Reading structure of the circuit PREP
reading...
9.420e-03 s
--------------------------------------------
----> Reading structure of the circuit RA
reading...
1.118e-02 s
--------------------------------------------
----> Reading structure of the circuit OwI
reading...
DirDec: compute the profile: LCHS_weights_sin_OPT_sqrt
DirDec: N_pars = 2
DirDec: par0 = 40.000000
DirDec: par1 = 0.700000
2.951e-02 s
--------------------------------------------
----> Reading structure of the circuit PREPI
reading...
3.789e-03 s
--------------------------------------------
----> Reading structure of the circuit RAI
reading...
6.551e-03 s
--------------------------------------------
----> Reading structure of the circuit U_BE_H
reading...
8.807e-03 s
--------------------------------------------
----> Reading structure of the circuit U_BE_m
reading...
1.220e-02 s
--------------------------------------------
----> Reading structure of the circuit U_BE
reading...
8.984e-03 s
--------------------------------------------
----> Reading structure of the circuit U
reading...
Creating the gate Repeat... 3.518e-03 s
Creating the gate Repeat... 1.370e-02 s

Read angles from the file: QSP_t2489p3_eps12.hdf5
--- QSVT gate with the name: qsp_selector ---
   QSVT type:  QSP-ham;
   rescaling factor:  1;
   QSVT error: 1e-12;
   Polynomial parity: -1;
   Polynomial parameter: 2489;
   number of angles: 5269;
   single time interval: 2489;
   number of time intervals: 10;

Constructing QSVT circuit...
Creating the QSP circuit (OPT2)... 8.356e-01 s
Creating the gate Repeat... 1.353e-02 s
9.367e-01 s
--------------------------------------------
Finish reading the .oracle file
----------------------------------------------
Oracle prepared.


-------------------------------------------------------------------------------
-------------------------------------------------------------------------------
--- Analysis of the circuit [U] ---
nq: 25
na: 19
N-gates: 5325230
Saving QSVT parameters...
..........................................................................
...Initial state 0...
   1.000e+00   0.000e+00j   |00>|0>|00>|00>|00000>|0000000>|000000>

Calculating the circuit... 
Progress:
   5.0...  10.0...  15.0...  20.0...  25.0...  30.0...  35.0...  40.0...  45.0...  50.0...
  55.0...  60.0...  65.0...  70.0...  75.0...  80.0...  85.0...  90.0...  95.0... 100.0...
duration: 5.715e+02 s
*** The oracletool has been destructed. ***
