

********************************************************************************
********************************************************************************
Project name: dc
Path to input files: .//
Current path: /global/u1/n/novikau1/QuCF/QuCF/simulations/LCHS/ADE-OPT/scan_t_kmax20/t0.4
Creating the output .hdf5 file:
	 .//dc_OUTPUT.hdf5

----------------------------------------------
Start reading the input file: .//dc.oracle
Reading constants...
Reading options...

--- Initial OPTIONS ---
-> compute only output states, where all ancillae are in the zero state.
-> do not write the .circuit files.
-> do not write the .tex file.
-> Do not include stop gates.
---

----> Reading structure of the circuit INIT_GAUSS
reading...
DirDec: compute the profile: gauss
DirDec: N_pars = 2
DirDec: par0 = 0.500000
DirDec: par1 = 0.050000
2.022e-02 s
--------------------------------------------
----> Reading structure of the circuit PREP_init
reading...
4.114e-03 s
--------------------------------------------
----> Reading structure of the circuit RA_init
reading...
3.054e-03 s
--------------------------------------------
----> Reading structure of the circuit Ow
reading...
DirDec: compute the profile: LCHS_weights_sin_OPT_sqrt
DirDec: N_pars = 2
DirDec: par0 = 20.000000
DirDec: par1 = 0.700000
1.298e-02 s
--------------------------------------------
----> Reading structure of the circuit PREP
reading...
4.579e-03 s
--------------------------------------------
----> Reading structure of the circuit RA
reading...
7.538e-03 s
--------------------------------------------
----> Reading structure of the circuit OwI
reading...
DirDec: compute the profile: LCHS_weights_sin_OPT_sqrt
DirDec: N_pars = 2
DirDec: par0 = 20.000000
DirDec: par1 = 0.700000
1.138e-02 s
--------------------------------------------
----> Reading structure of the circuit PREPI
reading...
4.457e-03 s
--------------------------------------------
----> Reading structure of the circuit RAI
reading...
7.441e-03 s
--------------------------------------------
----> Reading structure of the circuit U_BE_H
reading...
1.679e-03 s
--------------------------------------------
----> Reading structure of the circuit U_BE_m
reading...
1.895e-03 s
--------------------------------------------
----> Reading structure of the circuit U_BE
reading...
3.660e-03 s
--------------------------------------------
----> Reading structure of the circuit U
reading...
Creating the gate Repeat... 2.968e-03 s
Creating the gate Repeat... 8.949e-02 s

Read angles from the file: QSP_t1244p3_eps16.hdf5
--- QSVT gate with the name: qsp_selector ---
   QSVT type:  QSP-ham;
   rescaling factor:  1;
   QSVT error: 1e-16;
   Polynomial parity: -1;
   Polynomial parameter: 1244.5;
   number of angles: 2761;
   single time interval: 1244.5;
   number of time intervals: 5;

Constructing QSVT circuit...
Creating the QSP circuit (OPT2)... 2.130e-01 s
Creating the gate Repeat... 8.997e-02 s
4.444e-01 s
--------------------------------------------
Finish reading the .oracle file
----------------------------------------------
Oracle prepared.


-------------------------------------------------------------------------------
-------------------------------------------------------------------------------
--- Analysis of the circuit [U] ---
nq: 27
na: 21
N-gates: 1481873
Saving QSVT parameters...
..........................................................................
...Initial state 0...
   1.000e+00   0.000e+00j   |00>|0>|00>|00>|00000>|000000000>|000000>

Calculating the circuit... 
Progress:
   5.0...  10.0...  15.0...  20.0...  25.0...  30.0...  35.0...  40.0...  45.0...  50.0...
  55.0...  60.0...  65.0...  70.0...  75.0...  80.0...  85.0...  90.0...  95.0... 100.0...
duration: 6.372e+02 s
*** The oracletool has been destructed. ***
