

********************************************************************************
********************************************************************************
Project name: dc
Path to input files: .//
Current path: /global/u1/n/novikau1/QuCF/QuCF/simulations/LCHS/ADE-OPT/t08/nk12_kmax80-OPT
Creating the output .hdf5 file:
	 .//dc_OUTPUT.hdf5

----------------------------------------------
Start reading the input file: .//dc.oracle
Reading constants...
Reading options...

--- Initial OPTIONS ---
-> compute only output states, where all ancillae are in the zero state.
-> do not write the .circuit files.
-> do not write the .tex file.
-> Do not include stop gates.
---

----> Reading structure of the circuit INIT_GAUSS
reading...
DirDec: compute the profile: gauss
DirDec: N_pars = 2
DirDec: par0 = 0.500000
DirDec: par1 = 0.050000
1.381e-02 s
--------------------------------------------
----> Reading structure of the circuit PREP_init
reading...
4.288e-03 s
--------------------------------------------
----> Reading structure of the circuit RA_init
reading...
3.100e-03 s
--------------------------------------------
----> Reading structure of the circuit Ow
reading...
DirDec: compute the profile: LCHS_weights_sin_OPT_sqrt
DirDec: N_pars = 2
DirDec: par0 = 80.000000
DirDec: par1 = 0.700000
4.093e-02 s
--------------------------------------------
----> Reading structure of the circuit PREP
reading...
2.635e-02 s
--------------------------------------------
----> Reading structure of the circuit RA
reading...
5.077e-02 s
--------------------------------------------
----> Reading structure of the circuit OwI
reading...
DirDec: compute the profile: LCHS_weights_sin_OPT_sqrt
DirDec: N_pars = 2
DirDec: par0 = 80.000000
DirDec: par1 = 0.700000
4.228e-02 s
--------------------------------------------
----> Reading structure of the circuit PREPI
reading...
2.867e-02 s
--------------------------------------------
----> Reading structure of the circuit RAI
reading...
5.802e-02 s
--------------------------------------------
----> Reading structure of the circuit U_BE_H
reading...
3.078e-03 s
--------------------------------------------
----> Reading structure of the circuit U_BE_m
reading...
2.345e-03 s
--------------------------------------------
----> Reading structure of the circuit U_BE
reading...
6.517e-03 s
--------------------------------------------
----> Reading structure of the circuit U
reading...
Creating the gate Repeat... 3.521e-03 s
Creating the gate Repeat... 2.231e+00 s

Read angles from the file: QSP_t4977p3_eps16.hdf5
--- QSVT gate with the name: qsp_selector ---
   QSVT type:  QSP-ham;
   rescaling factor:  1;
   QSVT error: 1e-16;
   Polynomial parity: -1;
   Polynomial parameter: 4977.76;
   number of angles: 10393;
   single time interval: 4977.76;
   number of time intervals: 10;

Constructing QSVT circuit...
Creating the QSP circuit (OPT2)... 1.635e+00 s
Creating the gate Repeat... 2.254e+00 s
6.443e+00 s
--------------------------------------------
Finish reading the .oracle file
----------------------------------------------
Oracle prepared.


-------------------------------------------------------------------------------
-------------------------------------------------------------------------------
--- Analysis of the circuit [U] ---
nq: 30
na: 24
N-gates: 12250844
Saving QSVT parameters...
..........................................................................
...Initial state 0...
   1.000e+00   0.000e+00j   |00>|0>|00>|00>|00000>|000000000000>|000000>

Calculating the circuit... 
Progress:
   5.0...  10.0...  15.0...  20.0...  25.0...  30.0...  35.0...  40.0...  45.0...  50.0...
  55.0...  60.0...  65.0...  70.0...  75.0...  80.0...  85.0...  90.0...  95.0... 100.0...
duration: 4.339e+04 s
*** The oracletool has been destructed. ***
