

********************************************************************************
********************************************************************************
Project name: dc
Path to input files: .//
Current path: /global/u1/n/novikau1/QuCF/QuCF/simulations/LCHS/ADE-OPT/scan_t_kmax40/t2.0
Creating the output .hdf5 file:
	 .//dc_OUTPUT.hdf5

----------------------------------------------
Start reading the input file: .//dc.oracle
Reading constants...
Reading options...

--- Initial OPTIONS ---
-> compute only output states, where all ancillae are in the zero state.
-> do not write the .circuit files.
-> do not write the .tex file.
-> Do not include stop gates.
---

----> Reading structure of the circuit INIT_GAUSS
reading...
DirDec: compute the profile: gauss
DirDec: N_pars = 2
DirDec: par0 = 0.500000
DirDec: par1 = 0.050000
8.640e-03 s
--------------------------------------------
----> Reading structure of the circuit PREP_init
reading...
1.978e-03 s
--------------------------------------------
----> Reading structure of the circuit RA_init
reading...
2.756e-03 s
--------------------------------------------
----> Reading structure of the circuit Ow
reading...
DirDec: compute the profile: LCHS_weights_sin_OPT_sqrt
DirDec: N_pars = 2
DirDec: par0 = 40.000000
DirDec: par1 = 0.700000
3.421e-02 s
--------------------------------------------
----> Reading structure of the circuit PREP
reading...
2.489e-02 s
--------------------------------------------
----> Reading structure of the circuit RA
reading...
4.852e-02 s
--------------------------------------------
----> Reading structure of the circuit OwI
reading...
DirDec: compute the profile: LCHS_weights_sin_OPT_sqrt
DirDec: N_pars = 2
DirDec: par0 = 40.000000
DirDec: par1 = 0.700000
3.520e-02 s
--------------------------------------------
----> Reading structure of the circuit PREPI
reading...
2.503e-02 s
--------------------------------------------
----> Reading structure of the circuit RAI
reading...
4.836e-02 s
--------------------------------------------
----> Reading structure of the circuit U_BE_H
reading...
2.008e-03 s
--------------------------------------------
----> Reading structure of the circuit U_BE_m
reading...
1.917e-03 s
--------------------------------------------
----> Reading structure of the circuit U_BE
reading...
3.577e-03 s
--------------------------------------------
----> Reading structure of the circuit U
reading...
Creating the gate Repeat... 3.019e-03 s
Creating the gate Repeat... 2.139e+00 s

Read angles from the file: QSP_t6222p3_eps16.hdf5
--- QSVT gate with the name: qsp_selector ---
   QSVT type:  QSP-ham;
   rescaling factor:  1;
   QSVT error: 1e-16;
   Polynomial parity: -1;
   Polynomial parameter: 6222.5;
   number of angles: 12921;
   single time interval: 6222.5;
   number of time intervals: 10;

Constructing QSVT circuit...
Creating the QSP circuit (OPT2)... 1.875e+00 s
Creating the gate Repeat... 2.151e+00 s
6.265e+00 s
--------------------------------------------
Finish reading the .oracle file
----------------------------------------------
Oracle prepared.


-------------------------------------------------------------------------------
-------------------------------------------------------------------------------
--- Analysis of the circuit [U] ---
nq: 30
na: 24
N-gates: 15056924
Saving QSVT parameters...
..........................................................................
...Initial state 0...
   1.000e+00   0.000e+00j   |00>|0>|00>|00>|00000>|000000000000>|000000>

Calculating the circuit... 
Progress:
   5.0...  10.0...  15.0...  20.0...  25.0...  30.0...  35.0...  40.0...  45.0...  50.0...
  55.0...  60.0...  65.0...  70.0...  75.0...  80.0...  85.0...  90.0...  95.0... 100.0...
duration: 5.333e+04 s
*** The oracletool has been destructed. ***
